Using pre-set license
Built from '2022.3/staging' branch; Version is '2022.3.17f1 (4fc78088f837) revision 5228416'; Using compiler version '192829333'; Build Type 'Release'
OS: 'Windows 11  (10.0.22621) 64bit Core' Language: 'ru' Physical Memory: 16309 MB
BatchMode: 1, IsHumanControllingUs: 0, StartBugReporterOnCrash: 0, Is64bit: 1, IsPro: 1

COMMAND LINE ARGUMENTS:
C:\Program Files\Unity\Hub\Editor\2022.3.17f1\Editor\Unity.exe
-adb2
-batchMode
-noUpm
-name
AssetImportWorker2
-projectPath
D:/UnityGB/UnityGB/Lesson3
-logFile
Logs/AssetImportWorker2.log
-srvPort
52698
Successfully changed project path to: D:/UnityGB/UnityGB/Lesson3
D:/UnityGB/UnityGB/Lesson3
[UnityMemory] Configuration Parameters - Can be set up in boot.config
    "memorysetup-bucket-allocator-granularity=16"
    "memorysetup-bucket-allocator-bucket-count=8"
    "memorysetup-bucket-allocator-block-size=33554432"
    "memorysetup-bucket-allocator-block-count=8"
    "memorysetup-main-allocator-block-size=16777216"
    "memorysetup-thread-allocator-block-size=16777216"
    "memorysetup-gfx-main-allocator-block-size=16777216"
    "memorysetup-gfx-thread-allocator-block-size=16777216"
    "memorysetup-cache-allocator-block-size=4194304"
    "memorysetup-typetree-allocator-block-size=2097152"
    "memorysetup-profiler-bucket-allocator-granularity=16"
    "memorysetup-profiler-bucket-allocator-bucket-count=8"
    "memorysetup-profiler-bucket-allocator-block-size=33554432"
    "memorysetup-profiler-bucket-allocator-block-count=8"
    "memorysetup-profiler-allocator-block-size=16777216"
    "memorysetup-profiler-editor-allocator-block-size=1048576"
    "memorysetup-temp-allocator-size-main=16777216"
    "memorysetup-job-temp-allocator-block-size=2097152"
    "memorysetup-job-temp-allocator-block-size-background=1048576"
    "memorysetup-job-temp-allocator-reduction-small-platforms=262144"
    "memorysetup-allocator-temp-initial-block-size-main=262144"
    "memorysetup-allocator-temp-initial-block-size-worker=262144"
    "memorysetup-temp-allocator-size-background-worker=32768"
    "memorysetup-temp-allocator-size-job-worker=262144"
    "memorysetup-temp-allocator-size-preload-manager=33554432"
    "memorysetup-temp-allocator-size-nav-mesh-worker=65536"
    "memorysetup-temp-allocator-size-audio-worker=65536"
    "memorysetup-temp-allocator-size-cloud-worker=32768"
    "memorysetup-temp-allocator-size-gi-baking-worker=262144"
    "memorysetup-temp-allocator-size-gfx=262144"
Player connection [2008] Host "[IP] 192.168.0.17 [Port] 0 [Flags] 2 [Guid] 3961149682 [EditorId] 3961149682 [Version] 1048832 [Id] WindowsEditor(7,Avgust-PC) [Debug] 1 [PackageName] WindowsEditor [ProjectName] Editor" joined multi-casting on [225.0.0.222:54997]...

Player connection [2008] Host "[IP] 192.168.0.17 [Port] 0 [Flags] 2 [Guid] 3961149682 [EditorId] 3961149682 [Version] 1048832 [Id] WindowsEditor(7,Avgust-PC) [Debug] 1 [PackageName] WindowsEditor [ProjectName] Editor" joined alternative multi-casting on [225.0.0.222:34997]...

[Physics::Module] Initialized MultithreadedJobDispatcher with 11 workers.
Refreshing native plugins compatible for Editor in 4.44 ms, found 3 plugins.
Preloading 0 native plugins for Editor in 0.00 ms.
Initialize engine version: 2022.3.17f1 (4fc78088f837)
[Subsystems] Discovering subsystems at path C:/Program Files/Unity/Hub/Editor/2022.3.17f1/Editor/Data/Resources/UnitySubsystems
[Subsystems] Discovering subsystems at path D:/UnityGB/UnityGB/Lesson3/Assets
GfxDevice: creating device client; threaded=0; jobified=0
Direct3D:
    Version:  Direct3D 11.0 [level 11.1]
    Renderer: NVIDIA GeForce GTX 1650 (ID=0x1f0a)
    Vendor:   NVIDIA
    VRAM:     3949 MB
    Driver:   31.0.15.4633
Initialize mono
Mono path[0] = 'C:/Program Files/Unity/Hub/Editor/2022.3.17f1/Editor/Data/Managed'
Mono path[1] = 'C:/Program Files/Unity/Hub/Editor/2022.3.17f1/Editor/Data/MonoBleedingEdge/lib/mono/unityjit-win32'
Mono config path = 'C:/Program Files/Unity/Hub/Editor/2022.3.17f1/Editor/Data/MonoBleedingEdge/etc'
Using monoOptions --debugger-agent=transport=dt_socket,embedding=1,server=y,suspend=n,address=127.0.0.1:56996
Begin MonoManager ReloadAssembly
Registering precompiled unity dll's ...
Register platform support module: C:/Program Files/Unity/Hub/Editor/2022.3.17f1/Editor/Data/PlaybackEngines/WebGLSupport/UnityEditor.WebGL.Extensions.dll
Register platform support module: C:/Program Files/Unity/Hub/Editor/2022.3.17f1/Editor/Data/PlaybackEngines/WindowsStandaloneSupport/UnityEditor.WindowsStandalone.Extensions.dll
Registered in 0.007603 seconds.
- Loaded All Assemblies, in  0.368 seconds
Native extension for WindowsStandalone target not found
Native extension for WebGL target not found
Mono: successfully reloaded assembly
- Finished resetting the current domain, in  0.269 seconds
Domain Reload Profiling: 640ms
	BeginReloadAssembly (120ms)
		ExecutionOrderSort (0ms)
		DisableScriptedObjects (0ms)
		BackupInstance (0ms)
		ReleaseScriptingObjects (0ms)
		CreateAndSetChildDomain (1ms)
	RebuildCommonClasses (35ms)
	RebuildNativeTypeToScriptingClass (12ms)
	initialDomainReloadingComplete (58ms)
	LoadAllAssembliesAndSetupDomain (145ms)
		LoadAssemblies (118ms)
		RebuildTransferFunctionScriptingTraits (0ms)
		AnalyzeDomain (139ms)
			TypeCache.Refresh (138ms)
				TypeCache.ScanAssembly (125ms)
			ScanForSourceGeneratedMonoScriptInfo (0ms)
			ResolveRequiredComponents (0ms)
	FinalizeReload (270ms)
		ReleaseScriptCaches (0ms)
		RebuildScriptCaches (0ms)
		SetupLoadedEditorAssemblies (208ms)
			LogAssemblyErrors (0ms)
			InitializePlatformSupportModulesInManaged (9ms)
			SetLoadedEditorAssemblies (5ms)
			RefreshPlugins (0ms)
			BeforeProcessingInitializeOnLoad (2ms)
			ProcessInitializeOnLoadAttributes (142ms)
			ProcessInitializeOnLoadMethodAttributes (49ms)
			AfterProcessingInitializeOnLoad (0ms)
			EditorAssembliesLoaded (0ms)
		ExecutionOrderSort2 (0ms)
		AwakeInstancesAfterBackupRestoration (0ms)
========================================================================
Worker process is ready to serve import requests
Begin MonoManager ReloadAssembly
- Loaded All Assemblies, in  0.697 seconds
Refreshing native plugins compatible for Editor in 1.80 ms, found 3 plugins.
Native extension for WindowsStandalone target not found
Native extension for WebGL target not found
Package Manager log level set to [2]
[Package Manager] Server::EnsureServerProcessIsRunning -- launch failed, reason: Unity was launched with the -noUpm command-line argument
[Package Manager] UpmClient::Send -- Unable to send message (not connected to UPM process).
[Package Manager] Cannot connect to Unity Package Manager local server
Mono: successfully reloaded assembly
- Finished resetting the current domain, in  0.532 seconds
Domain Reload Profiling: 1228ms
	BeginReloadAssembly (171ms)
		ExecutionOrderSort (0ms)
		DisableScriptedObjects (5ms)
		BackupInstance (0ms)
		ReleaseScriptingObjects (0ms)
		CreateAndSetChildDomain (28ms)
	RebuildCommonClasses (35ms)
	RebuildNativeTypeToScriptingClass (12ms)
	initialDomainReloadingComplete (40ms)
	LoadAllAssembliesAndSetupDomain (437ms)
		LoadAssemblies (357ms)
		RebuildTransferFunctionScriptingTraits (0ms)
		AnalyzeDomain (179ms)
			TypeCache.Refresh (157ms)
				TypeCache.ScanAssembly (142ms)
			ScanForSourceGeneratedMonoScriptInfo (18ms)
			ResolveRequiredComponents (4ms)
	FinalizeReload (533ms)
		ReleaseScriptCaches (0ms)
		RebuildScriptCaches (0ms)
		SetupLoadedEditorAssemblies (387ms)
			LogAssemblyErrors (0ms)
			InitializePlatformSupportModulesInManaged (6ms)
			SetLoadedEditorAssemblies (4ms)
			RefreshPlugins (0ms)
			BeforeProcessingInitializeOnLoad (58ms)
			ProcessInitializeOnLoadAttributes (293ms)
			ProcessInitializeOnLoadMethodAttributes (22ms)
			AfterProcessingInitializeOnLoad (5ms)
			EditorAssembliesLoaded (0ms)
		ExecutionOrderSort2 (0ms)
		AwakeInstancesAfterBackupRestoration (6ms)
Launched and connected shader compiler UnityShaderCompiler.exe after 0.05 seconds
Refreshing native plugins compatible for Editor in 2.42 ms, found 3 plugins.
Preloading 0 native plugins for Editor in 0.00 ms.
Unloading 3083 Unused Serialized files (Serialized files now loaded: 0)
Unloading 32 unused Assets / (56.9 KB). Loaded Objects now: 3544.
Memory consumption went from 122.4 MB to 122.3 MB.
Total: 3.099600 ms (FindLiveObjects: 0.348300 ms CreateObjectMapping: 0.083000 ms MarkObjects: 2.533000 ms  DeleteObjects: 0.134000 ms)

AssetImportParameters requested are different than current active one (requested -> active):
  custom:container-demuxer-ogg: 62fdf1f143b41e24485cea50d1cbac27 -> 
  custom:video-codec-MediaFoundation-h265: 746d11721c4dcdbdad8f713fa42b33f4 -> 
  custom:video-decoder-ogg-theora: a1e56fd34408186e4bbccfd4996cb3dc -> 
  custom:framework-win-MediaFoundation: 216162199b28c13a410421893ffa2e32 -> 
  custom:CustomObjectIndexerAttribute: 6d391050e5a25f67b0a2c618074f2cd9 -> 
  custom:container-demuxer-webm: 4f35f7cbe854078d1ac9338744f61a02 -> 
  custom:container-muxer-webm: aa71ff27fc2769a1b78a27578f13a17b -> 
  custom:video-decoder-webm-vp8: 9c59270c3fd7afecdb556c50c9e8de78 -> 
  custom:SearchIndexIgnoredProperties: e643bd26f0fe6173181afceb89e7c659 -> 
  custom:AudioImporter_EditorPlatform: d09bf68614088b80899f8185d706f6e7 -> 
  custom:video-encoder-webm-vp8: eb34c28f22e8b96e1ab97ce403110664 -> 
  custom:audio-decoder-ogg-vorbis: bf7c407c2cedff20999df2af8eb42d56 -> 
  custom:audio-encoder-webm-vorbis: bf7c407c2cedff20999df2af8eb42d56 -> 
========================================================================
Received Import Request.
  Time since last request: 17520.167186 seconds.
  path: Assets/PNG/barBack_horizontalRight.png
  artifactKey: Guid(1cd8ba78211224a42abea51a47460bf1) Importer(815301076,1909f56bfc062723c751e8b465ee728b)
Start importing Assets/PNG/barBack_horizontalRight.png using Guid(1cd8ba78211224a42abea51a47460bf1) Importer(815301076,1909f56bfc062723c751e8b465ee728b)  -> (artifact id: '75f59c3f9c4914332e867ed5b876e291') in 0.049023 seconds
Number of updated asset objects reloaded before import = 0
Number of asset objects unloaded after import = 2
========================================================================
Received Import Request.
  Time since last request: 0.000040 seconds.
  path: Assets/PNG/barBack_verticalMid.png
  artifactKey: Guid(875b6f5ab5ee6164c9c1c2ab414893f9) Importer(815301076,1909f56bfc062723c751e8b465ee728b)
Start importing Assets/PNG/barBack_verticalMid.png using Guid(875b6f5ab5ee6164c9c1c2ab414893f9) Importer(815301076,1909f56bfc062723c751e8b465ee728b)  -> (artifact id: '4522a64ae6b0dd6859561e43f495b1cf') in 0.009051 seconds
Number of updated asset objects reloaded before import = 0
Number of asset objects unloaded after import = 2
========================================================================
Received Import Request.
  Time since last request: 0.000029 seconds.
  path: Assets/PNG/barBack_horizontalLeft.png
  artifactKey: Guid(6cda236ec4a50f0488a550e4730004d8) Importer(815301076,1909f56bfc062723c751e8b465ee728b)
Start importing Assets/PNG/barBack_horizontalLeft.png using Guid(6cda236ec4a50f0488a550e4730004d8) Importer(815301076,1909f56bfc062723c751e8b465ee728b)  -> (artifact id: '7956806ad28909324559358b2fcf416f') in 0.007360 seconds
Number of updated asset objects reloaded before import = 0
Number of asset objects unloaded after import = 2
========================================================================
Received Import Request.
  Time since last request: 0.000017 seconds.
  path: Assets/PNG/barYellow_horizontalRight.png
  artifactKey: Guid(c548b96afbf11e54d83ea2e2670276d2) Importer(815301076,1909f56bfc062723c751e8b465ee728b)
Start importing Assets/PNG/barYellow_horizontalRight.png using Guid(c548b96afbf11e54d83ea2e2670276d2) Importer(815301076,1909f56bfc062723c751e8b465ee728b)  -> (artifact id: '5e0404742f9657e743e27f140b19a8d3') in 0.009072 seconds
Number of updated asset objects reloaded before import = 0
Number of asset objects unloaded after import = 2
========================================================================
Received Import Request.
  Time since last request: 0.000017 seconds.
  path: Assets/PNG/barYellow_verticalMid.png
  artifactKey: Guid(1328e60b3d37d9343916e8b30dea318c) Importer(815301076,1909f56bfc062723c751e8b465ee728b)
Start importing Assets/PNG/barYellow_verticalMid.png using Guid(1328e60b3d37d9343916e8b30dea318c) Importer(815301076,1909f56bfc062723c751e8b465ee728b)  -> (artifact id: '0b3f6bc7deb45a51febd04f533442fda') in 0.009713 seconds
Number of updated asset objects reloaded before import = 0
Number of asset objects unloaded after import = 2
========================================================================
Received Import Request.
  Time since last request: 0.000018 seconds.
  path: Assets/PNG/buttonLong_brown.png
  artifactKey: Guid(9520024bab0319a4489907ce45351abd) Importer(815301076,1909f56bfc062723c751e8b465ee728b)
Start importing Assets/PNG/buttonLong_brown.png using Guid(9520024bab0319a4489907ce45351abd) Importer(815301076,1909f56bfc062723c751e8b465ee728b)  -> (artifact id: '543492ec7acb956330150465cfdeba10') in 0.013773 seconds
Number of updated asset objects reloaded before import = 0
Number of asset objects unloaded after import = 2
========================================================================
Received Import Request.
  Time since last request: 0.000013 seconds.
  path: Assets/PNG/barGreen_horizontalMid.png
  artifactKey: Guid(a674836c38e0e28439b7a2dd70c6892e) Importer(815301076,1909f56bfc062723c751e8b465ee728b)
Start importing Assets/PNG/barGreen_horizontalMid.png using Guid(a674836c38e0e28439b7a2dd70c6892e) Importer(815301076,1909f56bfc062723c751e8b465ee728b)  -> (artifact id: '26ab9a5d177c8b836e59e9a8e0b14aef') in 0.008341 seconds
Number of updated asset objects reloaded before import = 0
Number of asset objects unloaded after import = 2
========================================================================
Received Import Request.
  Time since last request: 0.000021 seconds.
  path: Assets/PNG/barBlue_verticalBottom.png
  artifactKey: Guid(4bd2d9a0eed979040aa365668b22513f) Importer(815301076,1909f56bfc062723c751e8b465ee728b)
Start importing Assets/PNG/barBlue_verticalBottom.png using Guid(4bd2d9a0eed979040aa365668b22513f) Importer(815301076,1909f56bfc062723c751e8b465ee728b)  -> (artifact id: 'df675a0d3e824e0b5707666b1ccdbfaf') in 0.009906 seconds
Number of updated asset objects reloaded before import = 0
Number of asset objects unloaded after import = 2
========================================================================
Received Import Request.
  Time since last request: 0.000033 seconds.
  path: Assets/PNG/barYellow_horizontalLeft.png
  artifactKey: Guid(85ddd5022fc44914b8f197e144e017b8) Importer(815301076,1909f56bfc062723c751e8b465ee728b)
Start importing Assets/PNG/barYellow_horizontalLeft.png using Guid(85ddd5022fc44914b8f197e144e017b8) Importer(815301076,1909f56bfc062723c751e8b465ee728b)  -> (artifact id: '1be580de784884fa95e19c1a4c09ec97') in 0.008519 seconds
Number of updated asset objects reloaded before import = 0
Number of asset objects unloaded after import = 2
========================================================================
Received Import Request.
  Time since last request: 0.000027 seconds.
  path: Assets/PNG/barBlue_verticalMid.png
  artifactKey: Guid(62bea99500273a74a9dd24b223db03de) Importer(815301076,1909f56bfc062723c751e8b465ee728b)
Start importing Assets/PNG/barBlue_verticalMid.png using Guid(62bea99500273a74a9dd24b223db03de) Importer(815301076,1909f56bfc062723c751e8b465ee728b)  -> (artifact id: '5ed2f085754e70310d4f48f947a41ab4') in 0.008710 seconds
Number of updated asset objects reloaded before import = 0
Number of asset objects unloaded after import = 2
========================================================================
Received Import Request.
  Time since last request: 0.000038 seconds.
  path: Assets/PNG/barYellow_verticalTop.png
  artifactKey: Guid(57d4c8e5a70db9e4ab38727522230cc4) Importer(815301076,1909f56bfc062723c751e8b465ee728b)
Start importing Assets/PNG/barYellow_verticalTop.png using Guid(57d4c8e5a70db9e4ab38727522230cc4) Importer(815301076,1909f56bfc062723c751e8b465ee728b)  -> (artifact id: 'b207aae04d5cf7dd28e96430c6cf7a61') in 0.007438 seconds
Number of updated asset objects reloaded before import = 0
Number of asset objects unloaded after import = 2
========================================================================
Received Import Request.
  Time since last request: 0.000012 seconds.
  path: Assets/PNG/arrowBrown_right.png
  artifactKey: Guid(d16825bc0249566488b80bf3fff7925b) Importer(815301076,1909f56bfc062723c751e8b465ee728b)
Start importing Assets/PNG/arrowBrown_right.png using Guid(d16825bc0249566488b80bf3fff7925b) Importer(815301076,1909f56bfc062723c751e8b465ee728b)  -> (artifact id: '9f1fcad902dddb32b9d924d00f78d15c') in 0.008538 seconds
Number of updated asset objects reloaded before import = 0
Number of asset objects unloaded after import = 2
========================================================================
Received Import Request.
  Time since last request: 0.000016 seconds.
  path: Assets/PNG/buttonSquare_blue_pressed.png
  artifactKey: Guid(08131daa4e12d824485cd9b07fa7a20a) Importer(815301076,1909f56bfc062723c751e8b465ee728b)
Start importing Assets/PNG/buttonSquare_blue_pressed.png using Guid(08131daa4e12d824485cd9b07fa7a20a) Importer(815301076,1909f56bfc062723c751e8b465ee728b)  -> (artifact id: '5a7ea346f131826f0cb48246a894f71e') in 0.008024 seconds
Number of updated asset objects reloaded before import = 0
Number of asset objects unloaded after import = 2
========================================================================
Received Import Request.
  Time since last request: 0.000014 seconds.
  path: Assets/PNG/barGreen_verticalMid.png
  artifactKey: Guid(6dd245ce0292d8443b4b3e4f78ca21b9) Importer(815301076,1909f56bfc062723c751e8b465ee728b)
Start importing Assets/PNG/barGreen_verticalMid.png using Guid(6dd245ce0292d8443b4b3e4f78ca21b9) Importer(815301076,1909f56bfc062723c751e8b465ee728b)  -> (artifact id: 'f5e9304287ee8cbc5129b8f926afb75e') in 0.010717 seconds
Number of updated asset objects reloaded before import = 0
Number of asset objects unloaded after import = 2
========================================================================
Received Import Request.
  Time since last request: 0.000017 seconds.
  path: Assets/PNG/arrowBeige_right.png
  artifactKey: Guid(523e12187a81ee24a88f627f6f11b26f) Importer(815301076,1909f56bfc062723c751e8b465ee728b)
Start importing Assets/PNG/arrowBeige_right.png using Guid(523e12187a81ee24a88f627f6f11b26f) Importer(815301076,1909f56bfc062723c751e8b465ee728b)  -> (artifact id: '3f952b9bcf3b12787b54f935651d277a') in 0.008455 seconds
Number of updated asset objects reloaded before import = 0
Number of asset objects unloaded after import = 2
========================================================================
Received Import Request.
  Time since last request: 0.000016 seconds.
  path: Assets/PNG/buttonSquare_grey_pressed.png
  artifactKey: Guid(5fc0156771518994497a9a7b54cf32e8) Importer(815301076,1909f56bfc062723c751e8b465ee728b)
Start importing Assets/PNG/buttonSquare_grey_pressed.png using Guid(5fc0156771518994497a9a7b54cf32e8) Importer(815301076,1909f56bfc062723c751e8b465ee728b)  -> (artifact id: '3d521556a128dc03620eecae954c9e65') in 0.008434 seconds
Number of updated asset objects reloaded before import = 0
Number of asset objects unloaded after import = 2
========================================================================
Received Import Request.
  Time since last request: 0.000016 seconds.
  path: Assets/PNG/cursorSword_bronze.png
  artifactKey: Guid(c76396f16a1fa7b4d829847d1f0e90df) Importer(815301076,1909f56bfc062723c751e8b465ee728b)
Start importing Assets/PNG/cursorSword_bronze.png using Guid(c76396f16a1fa7b4d829847d1f0e90df) Importer(815301076,1909f56bfc062723c751e8b465ee728b)  -> (artifact id: 'b2eecd7c8286ea14d4a4bf2511dc9a1a') in 0.010276 seconds
Number of updated asset objects reloaded before import = 0
Number of asset objects unloaded after import = 2
========================================================================
Received Import Request.
  Time since last request: 0.000026 seconds.
  path: Assets/PNG/cursorGauntlet_grey.png
  artifactKey: Guid(03a825ada9d88fd488c1e8bd8e65b1a2) Importer(815301076,1909f56bfc062723c751e8b465ee728b)
Start importing Assets/PNG/cursorGauntlet_grey.png using Guid(03a825ada9d88fd488c1e8bd8e65b1a2) Importer(815301076,1909f56bfc062723c751e8b465ee728b)  -> (artifact id: '375552e3b0e1b3ad9708ae1ce1dbc956') in 0.009224 seconds
Number of updated asset objects reloaded before import = 0
Number of asset objects unloaded after import = 2
========================================================================
Received Import Request.
  Time since last request: 0.000093 seconds.
  path: Assets/PNG/barGreen_verticalTop.png
  artifactKey: Guid(01e05c51bffce174ebc111dfd4da9011) Importer(815301076,1909f56bfc062723c751e8b465ee728b)
Start importing Assets/PNG/barGreen_verticalTop.png using Guid(01e05c51bffce174ebc111dfd4da9011) Importer(815301076,1909f56bfc062723c751e8b465ee728b)  -> (artifact id: '8b9017c419ac3206eb1ddc0cee87bd06') in 0.007426 seconds
Number of updated asset objects reloaded before import = 0
Number of asset objects unloaded after import = 2
========================================================================
Received Import Request.
  Time since last request: 0.000019 seconds.
  path: Assets/PNG/buttonLong_grey_pressed.png
  artifactKey: Guid(9080ea1118c442f4d961f70d135317a2) Importer(815301076,1909f56bfc062723c751e8b465ee728b)
Start importing Assets/PNG/buttonLong_grey_pressed.png using Guid(9080ea1118c442f4d961f70d135317a2) Importer(815301076,1909f56bfc062723c751e8b465ee728b)  -> (artifact id: '9da7215f68e468a053b36c1fa166aa76') in 0.010882 seconds
Number of updated asset objects reloaded before import = 0
Number of asset objects unloaded after import = 2
========================================================================
Received Import Request.
  Time since last request: 0.000018 seconds.
  path: Assets/PNG/cursorHand_blue.png
  artifactKey: Guid(f3e4546b70971834abb071a474f43cdc) Importer(815301076,1909f56bfc062723c751e8b465ee728b)
Start importing Assets/PNG/cursorHand_blue.png using Guid(f3e4546b70971834abb071a474f43cdc) Importer(815301076,1909f56bfc062723c751e8b465ee728b)  -> (artifact id: '54342ba3ad040f3bc2d247dea1456d34') in 0.010403 seconds
Number of updated asset objects reloaded before import = 0
Number of asset objects unloaded after import = 2
========================================================================
Received Import Request.
  Time since last request: 0.000020 seconds.
  path: Assets/PNG/buttonLong_blue.png
  artifactKey: Guid(d980769e7cfa6e447b70c5bc66c20424) Importer(815301076,1909f56bfc062723c751e8b465ee728b)
Start importing Assets/PNG/buttonLong_blue.png using Guid(d980769e7cfa6e447b70c5bc66c20424) Importer(815301076,1909f56bfc062723c751e8b465ee728b)  -> (artifact id: '75ecda34e59fb20d5420d371d9ca6791') in 0.011693 seconds
Number of updated asset objects reloaded before import = 0
Number of asset objects unloaded after import = 2
========================================================================
Received Import Request.
  Time since last request: 0.000016 seconds.
  path: Assets/PNG/buttonSquare_beige.png
  artifactKey: Guid(29e143ed1bc0e8b40b7ad602184a5d65) Importer(815301076,1909f56bfc062723c751e8b465ee728b)
Start importing Assets/PNG/buttonSquare_beige.png using Guid(29e143ed1bc0e8b40b7ad602184a5d65) Importer(815301076,1909f56bfc062723c751e8b465ee728b)  -> (artifact id: '7a184b046449197796eb161a76b28436') in 0.013706 seconds
Number of updated asset objects reloaded before import = 0
Number of asset objects unloaded after import = 2
========================================================================
Received Import Request.
  Time since last request: 0.000028 seconds.
  path: Assets/PNG/cursorGauntlet_bronze.png
  artifactKey: Guid(44b05c31ae6dc0b4192e9c13cbabfd04) Importer(815301076,1909f56bfc062723c751e8b465ee728b)
Start importing Assets/PNG/cursorGauntlet_bronze.png using Guid(44b05c31ae6dc0b4192e9c13cbabfd04) Importer(815301076,1909f56bfc062723c751e8b465ee728b)  -> (artifact id: '63f89826a13e9bfd977a8b6be6017293') in 0.007081 seconds
Number of updated asset objects reloaded before import = 0
Number of asset objects unloaded after import = 2
========================================================================
Received Import Request.
  Time since last request: 0.000013 seconds.
  path: Assets/PNG/barYellow_verticalBottom.png
  artifactKey: Guid(a5c97709b62477945a1c65d83e5eb7b5) Importer(815301076,1909f56bfc062723c751e8b465ee728b)
Start importing Assets/PNG/barYellow_verticalBottom.png using Guid(a5c97709b62477945a1c65d83e5eb7b5) Importer(815301076,1909f56bfc062723c751e8b465ee728b)  -> (artifact id: '58f32b15482525b8f53c533b1e3ad46a') in 0.007762 seconds
Number of updated asset objects reloaded before import = 0
Number of asset objects unloaded after import = 2
========================================================================
Received Import Request.
  Time since last request: 6.473363 seconds.
  path: Assets/PNG/buttonLong_beige.png
  artifactKey: Guid(0de1a946216fba84686958106cae91ac) Importer(815301076,1909f56bfc062723c751e8b465ee728b)
Start importing Assets/PNG/buttonLong_beige.png using Guid(0de1a946216fba84686958106cae91ac) Importer(815301076,1909f56bfc062723c751e8b465ee728b)  -> (artifact id: '647608f1f4caa6144c770b3be0af560b') in 0.086547 seconds
Number of updated asset objects reloaded before import = 0
Number of asset objects unloaded after import = 3
========================================================================
Received Import Request.
  Time since last request: 0.000023 seconds.
  path: Assets/PNG/barRed_horizontalRight.png
  artifactKey: Guid(0d555f48cd384c54396a67a6e173d824) Importer(815301076,1909f56bfc062723c751e8b465ee728b)
Start importing Assets/PNG/barRed_horizontalRight.png using Guid(0d555f48cd384c54396a67a6e173d824) Importer(815301076,1909f56bfc062723c751e8b465ee728b)  -> (artifact id: '5e7e7e31716d3c7ffa0dbffa9ea34f49') in 0.045741 seconds
Number of updated asset objects reloaded before import = 0
Number of asset objects unloaded after import = 3
========================================================================
Received Import Request.
  Time since last request: 0.000024 seconds.
  path: Assets/PNG/iconCheck_blue.png
  artifactKey: Guid(6b78f5d37676be04b837e77f8777b5fd) Importer(815301076,1909f56bfc062723c751e8b465ee728b)
Start importing Assets/PNG/iconCheck_blue.png using Guid(6b78f5d37676be04b837e77f8777b5fd) Importer(815301076,1909f56bfc062723c751e8b465ee728b)  -> (artifact id: 'bf307b819fcf27561d81172ae8b9ad16') in 0.025522 seconds
Number of updated asset objects reloaded before import = 0
Number of asset objects unloaded after import = 3
========================================================================
Received Import Request.
  Time since last request: 0.000031 seconds.
  path: Assets/PNG/barBack_horizontalLeft.png
  artifactKey: Guid(6cda236ec4a50f0488a550e4730004d8) Importer(815301076,1909f56bfc062723c751e8b465ee728b)
Start importing Assets/PNG/barBack_horizontalLeft.png using Guid(6cda236ec4a50f0488a550e4730004d8) Importer(815301076,1909f56bfc062723c751e8b465ee728b)  -> (artifact id: '4c313910fc6e0ab78c7f755fff73fe97') in 0.027534 seconds
Number of updated asset objects reloaded before import = 0
Number of asset objects unloaded after import = 3
========================================================================
Received Import Request.
  Time since last request: 0.000019 seconds.
  path: Assets/PNG/buttonLong_blue_pressed.png
  artifactKey: Guid(342f4903f8a9ca148a6c147dd2f54fa7) Importer(815301076,1909f56bfc062723c751e8b465ee728b)
Start importing Assets/PNG/buttonLong_blue_pressed.png using Guid(342f4903f8a9ca148a6c147dd2f54fa7) Importer(815301076,1909f56bfc062723c751e8b465ee728b)  -> (artifact id: 'ac9ac5c96b8cda9da2ba014a33924af2') in 0.071283 seconds
Number of updated asset objects reloaded before import = 0
Number of asset objects unloaded after import = 3
========================================================================
Received Import Request.
  Time since last request: 0.000018 seconds.
  path: Assets/PNG/buttonRound_blue.png
  artifactKey: Guid(91a7c8c673e479a489952203ad171274) Importer(815301076,1909f56bfc062723c751e8b465ee728b)
Start importing Assets/PNG/buttonRound_blue.png using Guid(91a7c8c673e479a489952203ad171274) Importer(815301076,1909f56bfc062723c751e8b465ee728b)  -> (artifact id: '90cfa8539731735bcd3f0c16fad829d3') in 0.018318 seconds
Number of updated asset objects reloaded before import = 0
Number of asset objects unloaded after import = 3
========================================================================
Received Import Request.
  Time since last request: 0.000023 seconds.
  path: Assets/PNG/barRed_verticalBottom.png
  artifactKey: Guid(d6d5f91a16e03ba4da188905673b63c2) Importer(815301076,1909f56bfc062723c751e8b465ee728b)
Start importing Assets/PNG/barRed_verticalBottom.png using Guid(d6d5f91a16e03ba4da188905673b63c2) Importer(815301076,1909f56bfc062723c751e8b465ee728b)  -> (artifact id: '8dae3b5e5feb5b0e27b74421459f5653') in 0.079144 seconds
Number of updated asset objects reloaded before import = 0
Number of asset objects unloaded after import = 3
========================================================================
Received Import Request.
  Time since last request: 0.000025 seconds.
  path: Assets/PNG/buttonSquare_beige_pressed.png
  artifactKey: Guid(6577879243216c14b8e4c87d85aeb8f1) Importer(815301076,1909f56bfc062723c751e8b465ee728b)
Start importing Assets/PNG/buttonSquare_beige_pressed.png using Guid(6577879243216c14b8e4c87d85aeb8f1) Importer(815301076,1909f56bfc062723c751e8b465ee728b)  -> (artifact id: 'f9e9d8f7bee3a3e1b071164bfb007210') in 0.030589 seconds
Number of updated asset objects reloaded before import = 0
Number of asset objects unloaded after import = 3
========================================================================
Received Import Request.
  Time since last request: 0.000035 seconds.
  path: Assets/PNG/barYellow_horizontalLeft.png
  artifactKey: Guid(85ddd5022fc44914b8f197e144e017b8) Importer(815301076,1909f56bfc062723c751e8b465ee728b)
Start importing Assets/PNG/barYellow_horizontalLeft.png using Guid(85ddd5022fc44914b8f197e144e017b8) Importer(815301076,1909f56bfc062723c751e8b465ee728b)  -> (artifact id: '8feaeebe14354b1f935cb23ed5a38656') in 0.028965 seconds
Number of updated asset objects reloaded before import = 0
Number of asset objects unloaded after import = 3
========================================================================
Received Import Request.
  Time since last request: 0.000022 seconds.
  path: Assets/PNG/barBlue_verticalMid.png
  artifactKey: Guid(62bea99500273a74a9dd24b223db03de) Importer(815301076,1909f56bfc062723c751e8b465ee728b)
Start importing Assets/PNG/barBlue_verticalMid.png using Guid(62bea99500273a74a9dd24b223db03de) Importer(815301076,1909f56bfc062723c751e8b465ee728b)  -> (artifact id: 'c200e8c184bd3ded16e199eb9bd89086') in 0.014415 seconds
Number of updated asset objects reloaded before import = 0
Number of asset objects unloaded after import = 3
========================================================================
Received Import Request.
  Time since last request: 0.000027 seconds.
  path: Assets/PNG/buttonRound_brown.png
  artifactKey: Guid(3b4dbdd7b4bd0d34e9c528077132cc61) Importer(815301076,1909f56bfc062723c751e8b465ee728b)
Start importing Assets/PNG/buttonRound_brown.png using Guid(3b4dbdd7b4bd0d34e9c528077132cc61) Importer(815301076,1909f56bfc062723c751e8b465ee728b)  -> (artifact id: '7bbc697c1843a8c057fd193b0789ad17') in 0.018078 seconds
Number of updated asset objects reloaded before import = 0
Number of asset objects unloaded after import = 3
========================================================================
Received Import Request.
  Time since last request: 0.000015 seconds.
  path: Assets/PNG/cursorGauntlet_blue.png
  artifactKey: Guid(abfb12405502c4c4db671c6cfaf2b827) Importer(815301076,1909f56bfc062723c751e8b465ee728b)
Start importing Assets/PNG/cursorGauntlet_blue.png using Guid(abfb12405502c4c4db671c6cfaf2b827) Importer(815301076,1909f56bfc062723c751e8b465ee728b)  -> (artifact id: '273a3107af90e165d8efdf29598425bd') in 0.015543 seconds
Number of updated asset objects reloaded before import = 0
Number of asset objects unloaded after import = 3
========================================================================
Received Import Request.
  Time since last request: 0.000025 seconds.
  path: Assets/PNG/barGreen_verticalMid.png
  artifactKey: Guid(6dd245ce0292d8443b4b3e4f78ca21b9) Importer(815301076,1909f56bfc062723c751e8b465ee728b)
Start importing Assets/PNG/barGreen_verticalMid.png using Guid(6dd245ce0292d8443b4b3e4f78ca21b9) Importer(815301076,1909f56bfc062723c751e8b465ee728b)  -> (artifact id: 'd40e4b9d606f6315468e858e2567684c') in 0.013691 seconds
Number of updated asset objects reloaded before import = 0
Number of asset objects unloaded after import = 3
========================================================================
Received Import Request.
  Time since last request: 0.000025 seconds.
  path: Assets/PNG/buttonSquare_blue.png
  artifactKey: Guid(9135a2e4d7baa114d83827df18af4fa1) Importer(815301076,1909f56bfc062723c751e8b465ee728b)
Start importing Assets/PNG/buttonSquare_blue.png using Guid(9135a2e4d7baa114d83827df18af4fa1) Importer(815301076,1909f56bfc062723c751e8b465ee728b)  -> (artifact id: 'b93a432de6c65b0f17ac9e33eb9a423c') in 0.015147 seconds
Number of updated asset objects reloaded before import = 0
Number of asset objects unloaded after import = 3
========================================================================
Received Import Request.
  Time since last request: 0.000023 seconds.
  path: Assets/PNG/buttonSquare_grey_pressed.png
  artifactKey: Guid(5fc0156771518994497a9a7b54cf32e8) Importer(815301076,1909f56bfc062723c751e8b465ee728b)
Start importing Assets/PNG/buttonSquare_grey_pressed.png using Guid(5fc0156771518994497a9a7b54cf32e8) Importer(815301076,1909f56bfc062723c751e8b465ee728b)  -> (artifact id: '155c6930b0d9669f98661b554e357232') in 0.012631 seconds
Number of updated asset objects reloaded before import = 0
Number of asset objects unloaded after import = 3
========================================================================
Received Import Request.
  Time since last request: 0.000016 seconds.
  path: Assets/PNG/barBack_horizontalMid.png
  artifactKey: Guid(c92e3930883d3464694bbb6488bf204e) Importer(815301076,1909f56bfc062723c751e8b465ee728b)
Start importing Assets/PNG/barBack_horizontalMid.png using Guid(c92e3930883d3464694bbb6488bf204e) Importer(815301076,1909f56bfc062723c751e8b465ee728b)  -> (artifact id: '1fa601cb9b201630a9caa5710a6ad510') in 0.013810 seconds
Number of updated asset objects reloaded before import = 0
Number of asset objects unloaded after import = 3
========================================================================
Received Import Request.
  Time since last request: 0.000023 seconds.
  path: Assets/PNG/cursorGauntlet_grey.png
  artifactKey: Guid(03a825ada9d88fd488c1e8bd8e65b1a2) Importer(815301076,1909f56bfc062723c751e8b465ee728b)
Start importing Assets/PNG/cursorGauntlet_grey.png using Guid(03a825ada9d88fd488c1e8bd8e65b1a2) Importer(815301076,1909f56bfc062723c751e8b465ee728b)  -> (artifact id: '3d4ab6aaa268e4ba3bc5fab92bde6ba0') in 0.018043 seconds
Number of updated asset objects reloaded before import = 0
Number of asset objects unloaded after import = 3
========================================================================
Received Import Request.
  Time since last request: 0.000018 seconds.
  path: Assets/PNG/buttonRound_grey.png
  artifactKey: Guid(4f9d1f140329410408ae6713b61d98b0) Importer(815301076,1909f56bfc062723c751e8b465ee728b)
Start importing Assets/PNG/buttonRound_grey.png using Guid(4f9d1f140329410408ae6713b61d98b0) Importer(815301076,1909f56bfc062723c751e8b465ee728b)  -> (artifact id: 'f2eba3509f2f5bad4b30e182a2932ddf') in 0.014065 seconds
Number of updated asset objects reloaded before import = 0
Number of asset objects unloaded after import = 3
========================================================================
Received Import Request.
  Time since last request: 0.000025 seconds.
  path: Assets/PNG/cursorHand_blue.png
  artifactKey: Guid(f3e4546b70971834abb071a474f43cdc) Importer(815301076,1909f56bfc062723c751e8b465ee728b)
Start importing Assets/PNG/cursorHand_blue.png using Guid(f3e4546b70971834abb071a474f43cdc) Importer(815301076,1909f56bfc062723c751e8b465ee728b)  -> (artifact id: '8a818f6cec3e61fc03b7cf7063c035f6') in 0.025363 seconds
Number of updated asset objects reloaded before import = 0
Number of asset objects unloaded after import = 3
========================================================================
Received Import Request.
  Time since last request: 0.000016 seconds.
  path: Assets/PNG/barRed_verticalTop.png
  artifactKey: Guid(9a5007b15fa414c479e2f97d6def0335) Importer(815301076,1909f56bfc062723c751e8b465ee728b)
Start importing Assets/PNG/barRed_verticalTop.png using Guid(9a5007b15fa414c479e2f97d6def0335) Importer(815301076,1909f56bfc062723c751e8b465ee728b)  -> (artifact id: '07e24c32a0388268a29a2178e706f807') in 0.015961 seconds
Number of updated asset objects reloaded before import = 0
Number of asset objects unloaded after import = 3
========================================================================
Received Import Request.
  Time since last request: 0.000022 seconds.
  path: Assets/PNG/buttonSquare_brown_pressed.png
  artifactKey: Guid(41e001e671ff0994fa46d0a09aada136) Importer(815301076,1909f56bfc062723c751e8b465ee728b)
Start importing Assets/PNG/buttonSquare_brown_pressed.png using Guid(41e001e671ff0994fa46d0a09aada136) Importer(815301076,1909f56bfc062723c751e8b465ee728b)  -> (artifact id: '607b1898a2197690baa96126b69e15cf') in 0.015680 seconds
Number of updated asset objects reloaded before import = 0
Number of asset objects unloaded after import = 3
========================================================================
Received Import Request.
  Time since last request: 0.000016 seconds.
  path: Assets/PNG/barBack_horizontalRight.png
  artifactKey: Guid(1cd8ba78211224a42abea51a47460bf1) Importer(815301076,1909f56bfc062723c751e8b465ee728b)
Start importing Assets/PNG/barBack_horizontalRight.png using Guid(1cd8ba78211224a42abea51a47460bf1) Importer(815301076,1909f56bfc062723c751e8b465ee728b)  -> (artifact id: '5ce0651334ba771250392531328897ce') in 0.013354 seconds
Number of updated asset objects reloaded before import = 0
Number of asset objects unloaded after import = 3
========================================================================
Received Import Request.
  Time since last request: 66.764699 seconds.
  path: Assets/PNG/iconCircle_beige.png
  artifactKey: Guid(71ecb15727759584a82c055bb1dae25a) Importer(815301076,1909f56bfc062723c751e8b465ee728b)
Start importing Assets/PNG/iconCircle_beige.png using Guid(71ecb15727759584a82c055bb1dae25a) Importer(815301076,1909f56bfc062723c751e8b465ee728b)  -> (artifact id: '8dd81bb483049e2b65b5e242434ddc48') in 0.011736 seconds
Number of updated asset objects reloaded before import = 0
Number of asset objects unloaded after import = 3
========================================================================
Received Import Request.
  Time since last request: 0.000332 seconds.
  path: Assets/PNG/iconCircle_grey.png
  artifactKey: Guid(e6190527d3a1bc64b8434dce5956b1a3) Importer(815301076,1909f56bfc062723c751e8b465ee728b)
Start importing Assets/PNG/iconCircle_grey.png using Guid(e6190527d3a1bc64b8434dce5956b1a3) Importer(815301076,1909f56bfc062723c751e8b465ee728b)  -> (artifact id: 'e36d4aa218e145c4c57c9aa229b36879') in 0.012483 seconds
Number of updated asset objects reloaded before import = 0
Number of asset objects unloaded after import = 3
========================================================================
Received Import Request.
  Time since last request: 0.000051 seconds.
  path: Assets/PNG/panel_beigeLight.png
  artifactKey: Guid(4e235fdebc7ec424691c1157548135ef) Importer(815301076,1909f56bfc062723c751e8b465ee728b)
Start importing Assets/PNG/panel_beigeLight.png using Guid(4e235fdebc7ec424691c1157548135ef) Importer(815301076,1909f56bfc062723c751e8b465ee728b)  -> (artifact id: '18ee7c10705d9872c396a2afe6c1bd01') in 0.012309 seconds
Number of updated asset objects reloaded before import = 0
Number of asset objects unloaded after import = 3
========================================================================
Received Import Request.
  Time since last request: 0.000023 seconds.
  path: Assets/PNG/panelInset_beige.png
  artifactKey: Guid(53dd0c3b18d795c48a82dcc6835c56e8) Importer(815301076,1909f56bfc062723c751e8b465ee728b)
Start importing Assets/PNG/panelInset_beige.png using Guid(53dd0c3b18d795c48a82dcc6835c56e8) Importer(815301076,1909f56bfc062723c751e8b465ee728b)  -> (artifact id: '86a40d0d9e919e81bd697bfa05c09484') in 0.014326 seconds
Number of updated asset objects reloaded before import = 0
Number of asset objects unloaded after import = 3
========================================================================
Received Import Request.
  Time since last request: 0.000023 seconds.
  path: Assets/PNG/panel_blue.png
  artifactKey: Guid(9645b094d82742949abce72c27a50f36) Importer(815301076,1909f56bfc062723c751e8b465ee728b)
Start importing Assets/PNG/panel_blue.png using Guid(9645b094d82742949abce72c27a50f36) Importer(815301076,1909f56bfc062723c751e8b465ee728b)  -> (artifact id: '49bbc89cc5dd99b171901f5e612bb439') in 0.011330 seconds
Number of updated asset objects reloaded before import = 0
Number of asset objects unloaded after import = 3
========================================================================
Received Import Request.
  Time since last request: 0.000023 seconds.
  path: Assets/PNG/iconCross_brown.png
  artifactKey: Guid(19072452371e8fd499777384ab521166) Importer(815301076,1909f56bfc062723c751e8b465ee728b)
Start importing Assets/PNG/iconCross_brown.png using Guid(19072452371e8fd499777384ab521166) Importer(815301076,1909f56bfc062723c751e8b465ee728b)  -> (artifact id: '056aced74ed2570a26dc3e2a2b35549f') in 0.010345 seconds
Number of updated asset objects reloaded before import = 0
Number of asset objects unloaded after import = 3
========================================================================
Received Import Request.
  Time since last request: 0.000033 seconds.
  path: Assets/PNG/iconCross_beige.png
  artifactKey: Guid(79afedcc00d637641b32bfcf1c7afb41) Importer(815301076,1909f56bfc062723c751e8b465ee728b)
Start importing Assets/PNG/iconCross_beige.png using Guid(79afedcc00d637641b32bfcf1c7afb41) Importer(815301076,1909f56bfc062723c751e8b465ee728b)  -> (artifact id: '4f5f8d9eb7fc2fccc441d18010d7926d') in 0.010939 seconds
Number of updated asset objects reloaded before import = 0
Number of asset objects unloaded after import = 3
========================================================================
Received Import Request.
  Time since last request: 0.000017 seconds.
  path: Assets/PNG/panelInset_beigeLight.png
  artifactKey: Guid(e4dac275bf0b9784b89f739535c000a7) Importer(815301076,1909f56bfc062723c751e8b465ee728b)
Start importing Assets/PNG/panelInset_beigeLight.png using Guid(e4dac275bf0b9784b89f739535c000a7) Importer(815301076,1909f56bfc062723c751e8b465ee728b)  -> (artifact id: '54d593f723caa505f9c3885cee3dddcc') in 0.009681 seconds
Number of updated asset objects reloaded before import = 0
Number of asset objects unloaded after import = 3
Editor requested this worker to shutdown with reason: Scaling down because of idle timeout
TcpMessagingSession - receive error: operation aborted. errorcode: 995, details: ќпераци€ ввода/вывода была прервана из-за завершени€ потока команд или по запросу приложени€.
AssetImportWorker is now disconnected from the server
Process exiting
Exiting without the bug reporter. Application will terminate with return code 0